    1  cd E:\GITPRACTISE\gitREPO1
    2  cd E:\GITPRACTISE
    3  cd gitREPO1
    4  LS
    5  ls
    6  git init
    7  git remote
    8  git clone
    9  git clone https://github.com/thilakaramdas/repo1.git
   10  ls
   11  cd repo1
   12  ls
   13  cd ,,
   14  cd ..
   15  git fetch origin
   16  ls
   17  cd repo1
   18  ls
   19  vi README.md
   20  git add .
   21  git commit -m"adcb"
   22  git status
   23  git push origin master
   24  cd ..
   25  git push origin master
   26  git pull origin
   27  git push origin master
   28  ls -l
   29  ls
   30  cd repo
   31  cd repo1
   32  ls
   33  git push origin master
   34  git pull origin master
   35  ls
   36  vi README.md
   37  cd ..
   38  history > history.log
